Build started 07/03/2025 2:32:43 pm.
     1>Project "C:\Users\Syed\Desktop\Aremak\Hikrobot-MVS-SDK\example-projects\cpp\samples\GrabImage_VS2013.vcxproj" on node 2 (Build target(s)).
     1>ClCompile:
         C:\Program Files (x86)\Microsoft Visual Studio 14.0\VC\bin\CL.exe /c /I"C:\Program Files (x86)\MVS\Development\Includes" /IC:\Users\Syed\Desktop\opencv\build\include /ZI /nologo /W3 /WX- /Od /Oy- /D WIN32 /D _DEBUG /D _CONSOLE /D _MBCS /Gm /EHsc /RTC1 /MDd /GS /fp:precise /Zc:wchar_t /Zc:forScope /Zc:inline /Fo"Win32\Debug\\" /Fd"Win32\Debug\vc140.pdb" /Gd /TP /analyze- /errorReport:prompt GrabImage.cpp
         GrabImage.cpp
       Link:
         C:\Program Files (x86)\Microsoft Visual Studio 14.0\VC\bin\link.exe /ERRORREPORT:PROMPT /OUT:"C:\Users\Syed\Desktop\Aremak\Hikrobot-MVS-SDK\example-projects\cpp\samples\Win32\Debug\GrabImage.exe" /INCREMENTAL /NOLOGO /LIBPATH:"C:\Program Files (x86)\MVS\Development\Libraries\win32" /LIBPATH:C:\Users\Syed\Desktop\opencv\build\x64\vc16\lib MvCameraControl.lib opencv_world4110.lib kernel32.lib user32.lib gdi32.lib winspool.lib comdlg32.lib advapi32.lib shell32.lib ole32.lib oleaut32.lib uuid.lib odbc32.lib odbccp32.lib /MANIFEST /MANIFESTUAC:"level='asInvoker' uiAccess='false'" /manifest:embed /Debug /PDB:"C:\Users\Syed\Desktop\Aremak\Hikrobot-MVS-SDK\example-projects\cpp\samples\Win32\Debug\GrabImage.pdb" /SUBSYSTEM:CONSOLE /TLBID:1 /DYNAMICBASE /NXCOMPAT /IMPLIB:"C:\Users\Syed\Desktop\Aremak\Hikrobot-MVS-SDK\example-projects\cpp\samples\Win32\Debug\GrabImage.lib" /MACHINE:X86 /SAFESEH Win32\Debug\GrabImage.obj
     1>GrabImage.obj : warning LNK4075: ignoring '/EDITANDCONTINUE' due to '/SAFESEH' specification
     1>opencv_world4110.lib(opencv_world4110.dll) : fatal error LNK1112: module machine type 'x64' conflicts with target machine type 'X86'
     1>Done Building Project "C:\Users\Syed\Desktop\Aremak\Hikrobot-MVS-SDK\example-projects\cpp\samples\GrabImage_VS2013.vcxproj" (Build target(s)) -- FAILED.

Build FAILED.

Time Elapsed 00:00:02.68
