Build started 07/03/2025 2:33:10 pm.
     1>Project "C:\Users\Syed\Desktop\Aremak\Hikrobot-MVS-SDK\example-projects\cpp\samples\GrabImage_VS2013.vcxproj" on node 2 (Build target(s)).
     1>ClCompile:
         C:\Program Files (x86)\Microsoft Visual Studio 14.0\VC\bin\x86_amd64\CL.exe /c /I"C:\Program Files (x86)\MVS\Development\Includes" /Zi /nologo /W3 /WX- /O2 /GL /D WIN32 /D NDEBUG /D _CONSOLE /D _MBCS /Gm- /EHsc /MD /GS /Gy- /fp:precise /Zc:wchar_t /Zc:forScope /Zc:inline /Fo"x64\Release\\" /Fd"x64\Release\vc140.pdb" /Gd /TP /errorReport:prompt GrabImage.cpp
         GrabImage.cpp
     1>GrabImage.cpp(543): fatal error C1083: Cannot open include file: 'opencv2/opencv.hpp': No such file or directory
     1>Done Building Project "C:\Users\Syed\Desktop\Aremak\Hikrobot-MVS-SDK\example-projects\cpp\samples\GrabImage_VS2013.vcxproj" (Build target(s)) -- FAILED.

Build FAILED.

Time Elapsed 00:00:00.23
